This is pdfTeXk, Version 3.141592-1.40.3 (Web2C 7.5.6) (format=latex 2008.10.7)  7 OCT 2008 15:03
entering extended mode
 %&-line parsing enabled.
**xpl-perl-0.07.tex
(./xpl-perl-0.07.tex
LaTeX2e <2005/12/01>
Babel <v3.8h> and hyphenation patterns for english, usenglishmax, dumylang, noh
yphenation, loaded.
(/usr/share/texmf-texlive/tex/latex/base/article.cls
Document Class: article 2005/09/16 v1.4f Standard LaTeX document class
(/usr/share/texmf-texlive/tex/latex/base/size12.clo
File: size12.clo 2005/09/16 v1.4f Standard LaTeX file (size option)
)
\c@part=\count79
\c@section=\count80
\c@subsection=\count81
\c@subsubsection=\count82
\c@paragraph=\count83
\c@subparagraph=\count84
\c@figure=\count85
\c@table=\count86
\abovecaptionskip=\skip41
\belowcaptionskip=\skip42
\bibindent=\dimen102
)
(/usr/share/texmf-texlive/tex/latex/preprint/fullpage.sty
Package: fullpage 1999/02/23 1.1 (PWD)
\FP@margin=\skip43
)
(/usr/share/texmf-texlive/tex/latex/graphics/graphicx.sty
Package: graphicx 1999/02/16 v1.0f Enhanced LaTeX Graphics (DPC,SPQR)

(/usr/share/texmf-texlive/tex/latex/graphics/keyval.sty
Package: keyval 1999/03/16 v1.13 key=value parser (DPC)
\KV@toks@=\toks14
)
(/usr/share/texmf-texlive/tex/latex/graphics/graphics.sty
Package: graphics 2006/02/20 v1.0o Standard LaTeX Graphics (DPC,SPQR)

(/usr/share/texmf-texlive/tex/latex/graphics/trig.sty
Package: trig 1999/03/16 v1.09 sin cos tan (DPC)
)
(/etc/texmf/tex/latex/config/graphics.cfg
File: graphics.cfg 2007/01/18 v1.5 graphics configuration of teTeX/TeXLive
)
Package graphics Info: Driver file: dvips.def on input line 90.

(/usr/share/texmf-texlive/tex/latex/graphics/dvips.def
File: dvips.def 1999/02/16 v3.0i Driver-dependant file (DPC,SPQR)
))
\Gin@req@height=\dimen103
\Gin@req@width=\dimen104
)
(/usr/share/texmf-texlive/tex/latex/graphics/epsfig.sty
Package: epsfig 1999/02/16 v1.7a (e)psfig emulation (SPQR)
\epsfxsize=\dimen105
\epsfysize=\dimen106
) (./xpl-perl-0.07.aux)
\openout1 = `xpl-perl-0.07.aux'.

LaTeX Font Info:    Checking defaults for OML/cmm/m/it on input line 11.
LaTeX Font Info:    ... okay on input line 11.
LaTeX Font Info:    Checking defaults for T1/cmr/m/n on input line 11.
LaTeX Font Info:    ... okay on input line 11.
LaTeX Font Info:    Checking defaults for OT1/cmr/m/n on input line 11.
LaTeX Font Info:    ... okay on input line 11.
LaTeX Font Info:    Checking defaults for OMS/cmsy/m/n on input line 11.
LaTeX Font Info:    ... okay on input line 11.
LaTeX Font Info:    Checking defaults for OMX/cmex/m/n on input line 11.
LaTeX Font Info:    ... okay on input line 11.
LaTeX Font Info:    Checking defaults for U/cmr/m/n on input line 11.
LaTeX Font Info:    ... okay on input line 11.
LaTeX Font Info:    External font `cmex10' loaded for size
(Font)              <14.4> on input line 28.
LaTeX Font Info:    External font `cmex10' loaded for size
(Font)              <7> on input line 28.

[1

] (./xpl-perl-0.07.toc [2] [3] [4])
\tf@toc=\write3
\openout3 = `xpl-perl-0.07.toc'.

 [5]
Overfull \hbox (28.68234pt too wide) in paragraph at lines 51--51
[]    \OT1/cmtt/m/n/12 -b ip  - the broadcast address for bridge hbeat messages
 (127.255.255.255)[] 
 []


Overfull \hbox (63.3474pt too wide) in paragraph at lines 88--90
[]\OT1/cmr/m/n/12 Notes about xPL bridges: http://wiki.xplproject.org.uk/index.
php/Notes[]On[]Bridge[]Implementation 
 []

[6]
Overfull \hbox (16.33234pt too wide) in paragraph at lines 108--108
[]    \OT1/cmtt/m/n/12 -i if0 - the interface for xPL messages (first non-loopb
ack or loopback)[] 
 []


Overfull \hbox (28.68234pt too wide) in paragraph at lines 108--108
[]    \OT1/cmtt/m/n/12 -s nn  - number of seconds the xPL clock should wait bet
ween messages (10)[] 
 []

[7]
Overfull \hbox (22.50734pt too wide) in paragraph at lines 151--151
[]    \OT1/cmtt/m/n/12 -i if0  - the interface for xPL messages (first non-loop
back or loopback)[] 
 []


Overfull \hbox (65.91432pt too wide) in paragraph at lines 159--162
\OT1/cmr/m/n/12 This script is an xPL client that sends mes-sages via the Con-n
ec-tion Soft-ware (http://www.csoft.co.uk/)
 []

[8]
Overfull \hbox (22.50734pt too wide) in paragraph at lines 196--196
[]    \OT1/cmtt/m/n/12 -i if0  - the interface for xPL messages (first non-loop
back or loopback)[] 
 []


Overfull \hbox (10.15733pt too wide) in paragraph at lines 200--200
[]  \OT1/cmtt/m/n/12 # start the ctx35 application on first ethernet interface 
in verbose mode[] 
 []

LaTeX Font Info:    Font shape `OT1/cmtt/bx/n' in size <12> not available
(Font)              Font shape `OT1/cmtt/m/n' tried instead on input line 206.
[9] [10]
Overfull \hbox (16.33234pt too wide) in paragraph at lines 258--258
[]    \OT1/cmtt/m/n/12 -i if0 - the interface for xPL messages (first non-loopb
ack or loopback)[] 
 []

[11]
Overfull \hbox (10.15733pt too wide) in paragraph at lines 305--305
[]    \OT1/cmtt/m/n/12 -c cfg           - configuration file ('~/.dg834rc', '/e
tc/dg834rc', or[] 
 []

[12]
Overfull \hbox (22.50734pt too wide) in paragraph at lines 344--344
[]    \OT1/cmtt/m/n/12 -i if0  - the interface for xPL messages (first non-loop
back or loopback)[] 
 []

[13] [14]
Overfull \hbox (34.85735pt too wide) in paragraph at lines 413--413
[]    \OT1/cmtt/m/n/12 -i if0    - the interface for xPL messages (first non-lo
opback or loopback)[] 
 []

[15] [16]
Overfull \hbox (16.33234pt too wide) in paragraph at lines 480--480
[]    \OT1/cmtt/m/n/12 -i if0 - the interface for xPL messages (first non-loopb
ack or loopback)[] 
 []

[17]
LaTeX Font Info:    External font `cmex10' loaded for size
(Font)              <12> on input line 528.
LaTeX Font Info:    External font `cmex10' loaded for size
(Font)              <8> on input line 528.
LaTeX Font Info:    External font `cmex10' loaded for size
(Font)              <6> on input line 528.
 [18]
Overfull \hbox (16.33234pt too wide) in paragraph at lines 570--570
[]    \OT1/cmtt/m/n/12 -i if0 - the interface for xPL messages (first non-loopb
ack or loopback)[] 
 []

[19]
Overfull \hbox (16.33234pt too wide) in paragraph at lines 610--610
[]    \OT1/cmtt/m/n/12 -i if0 - the interface for xPL messages (first non-loopb
ack or loopback)[] 
 []


Overfull \hbox (16.33234pt too wide) in paragraph at lines 619--619
[]  \OT1/cmtt/m/n/12 # start the Linux CPU monitor listening and broadcasting o
n first ethernet[] 
 []

[20]
Overfull \hbox (34.85735pt too wide) in paragraph at lines 651--651
[]    \OT1/cmtt/m/n/12 -i if0    - the interface for xPL messages (first non-lo
opback or loopback)[] 
 []


Overfull \hbox (3.98233pt too wide) in paragraph at lines 651--651
[]    \OT1/cmtt/m/n/12 -s server - server to connect to.  A _full_ path to unix
 domain socket[] 
 []

[21]
Overfull \hbox (16.33234pt too wide) in paragraph at lines 701--701
[]    \OT1/cmtt/m/n/12 -i if0 - the interface for xPL messages (first non-loopb
ack or loopback)[] 
 []

[22] [23]
Overfull \hbox (28.68234pt too wide) in paragraph at lines 772--772
[]    \OT1/cmtt/m/n/12 -i if0       - interface for xPL messages (first non-loo
pback or loopback)[] 
 []


Overfull \hbox (3.98233pt too wide) in paragraph at lines 772--772
[]    \OT1/cmtt/m/n/12 -s ip[:port] - ip address (and optional port number) of 
the mpd server[] 
 []

[24]
Overfull \hbox (41.03235pt too wide) in paragraph at lines 826--826
[]    \OT1/cmtt/m/n/12 -i if0     - the interface for xPL messages (first non-l
oopback or loopback)[] 
 []


Overfull \hbox (22.50734pt too wide) in paragraph at lines 830--830
[]  \OT1/cmtt/m/n/12 # start the mplayer application on first ethernet interfac
e in verbose mode[] 
 []

[25] [26] [27]
Overfull \hbox (22.50734pt too wide) in paragraph at lines 937--937
[]    \OT1/cmtt/m/n/12 -i if0  - the interface for xPL messages (first non-loop
back or loopback)[] 
 []


Overfull \hbox (3.98233pt too wide) in paragraph at lines 941--941
[]  \OT1/cmtt/m/n/12 # start the owfs application on first ethernet interface i
n verbose mode[] 
 []

[28] [29] [30]
Overfull \hbox (22.50734pt too wide) in paragraph at lines 1046--1046
[]    \OT1/cmtt/m/n/12 -i if0  - the interface for xPL messages (first non-loop
back or loopback)[] 
 []


Overfull \hbox (16.33234pt too wide) in paragraph at lines 1050--1050
[]  \OT1/cmtt/m/n/12 # start the rfxcom application on first ethernet interface
 in verbose mode[] 
 []

[31]
Overfull \hbox (22.50734pt too wide) in paragraph at lines 1102--1102
[]    \OT1/cmtt/m/n/12 -i if0  - the interface for xPL messages (first non-loop
back or loopback)[] 
 []

[32] [33]
Overfull \hbox (16.33234pt too wide) in paragraph at lines 1164--1164
[]    \OT1/cmtt/m/n/12 -i if0 - the interface for xPL messages (first non-loopb
ack or loopback)[] 
 []

[34]
Overfull \hbox (22.50734pt too wide) in paragraph at lines 1201--1201
[]  \OT1/cmtt/m/n/12 # search for rrd files under /var/lib/rrd and create graph
s in /var/www/rrd[] 
 []

[35]
Overfull \hbox (34.85735pt too wide) in paragraph at lines 1230--1230
[]  \OT1/cmtt/m/n/12 xpl-sender [flags] [options] -m <msg.type> -c <class.type>
 [param=value ... ][] 
 []


Overfull \hbox (3.98233pt too wide) in paragraph at lines 1243--1243
[]    \OT1/cmtt/m/n/12 -m xpl-type   - the xPL message type (xpl-cmnd, xpl-stat
, or xpl-trig)[] 
 []

[36]
Overfull \hbox (22.50734pt too wide) in paragraph at lines 1288--1288
[]    \OT1/cmtt/m/n/12 -i if0  - the interface for xPL messages (first non-loop
back or loopback)[] 
 []

[37]
Overfull \hbox (16.33234pt too wide) in paragraph at lines 1338--1338
[]    \OT1/cmtt/m/n/12 -i if0 - the interface for xPL messages (first non-loopb
ack or loopback)[] 
 []

[38] [39]
Overfull \hbox (22.50734pt too wide) in paragraph at lines 1432--1432
[]    \OT1/cmtt/m/n/12 -i if0  - the interface for xPL messages (first non-loop
back or loopback)[] 
 []


Overfull \hbox (3.98233pt too wide) in paragraph at lines 1436--1436
[]  \OT1/cmtt/m/n/12 # start the viom application on first ethernet interface i
n verbose mode[] 
 []

[40] [41]
Overfull \hbox (22.50734pt too wide) in paragraph at lines 1504--1504
[]    \OT1/cmtt/m/n/12 -i if0  - the interface for xPL messages (first non-loop
back or loopback)[] 
 []


Overfull \hbox (3.98233pt too wide) in paragraph at lines 1508--1508
[]  \OT1/cmtt/m/n/12 # start the w800 application on first ethernet interface i
n verbose mode[] 
 []

[42]
Overfull \hbox (16.33234pt too wide) in paragraph at lines 1547--1547
[]    \OT1/cmtt/m/n/12 -i if0 - the interface for xPL messages (first non-loopb
ack or loopback)[] 
 []

[43] [44]
Overfull \hbox (16.33234pt too wide) in paragraph at lines 1619--1619
[]    \OT1/cmtt/m/n/12 -i if0 - the interface for xPL messages (first non-loopb
ack or loopback)[] 
 []


Overfull \hbox (22.50734pt too wide) in paragraph at lines 1619--1619
[]    \OT1/cmtt/m/n/12 -d nnn - the maximum delay in seconds that a message is 
allowed to remain[] 
 []

[45]
Overfull \hbox (16.33234pt too wide) in paragraph at lines 1678--1678
[]    \OT1/cmtt/m/n/12 -i if0 - the interface for xPL messages (first non-loopb
ack or loopback)[] 
 []


Overfull \hbox (10.15733pt too wide) in paragraph at lines 1682--1682
[]  \OT1/cmtt/m/n/12 # start the xvkbd application on first ethernet interface 
in verbose mode[] 
 []

[46]
Overfull \hbox (56.83662pt too wide) in paragraph at lines 1728--1730
\OT1/cmr/m/n/12 SMS::Send driver for send-ing SMS mes-sages with the Con-nec-ti
on Soft-ware (http://www.csoft.co.uk/)
 []

[47]
Overfull \hbox (102.22931pt too wide) in paragraph at lines 1770--1772
\OT1/cmr/m/n/12 SMS::Send driver for send-ing SMS mes-sages with the SMS Dis-co
unt Soft-ware (http://www.smsdiscount.com/)
 []

[48] [49]
Overfull \hbox (3.98233pt too wide) in paragraph at lines 1874--1874
[]  \OT1/cmtt/m/n/12 __PACKAGE__->make_collection_method('client' => ['source',
 'identity']);[] 
 []

[50] [51] [52] [53]
Overfull \hbox (2.48201pt too wide) in paragraph at lines 2133--2133
 []  \OT1/cmtt/m/n/12 interface that isn't the loopback interface if there is o
ne, or the[] 
 []


Overfull \hbox (2.48201pt too wide) in paragraph at lines 2133--2133
 []  \OT1/cmtt/m/n/12 loopback interface if that is the only one.  (Not yet imp
lemented.)[] 
 []

[54] [55] [56] [57]
Overfull \hbox (2.48201pt too wide) in paragraph at lines 2304--2304
 []  \OT1/cmtt/m/n/12 interface that isn't the loopback interface if there is o
ne, or the[] 
 []


Overfull \hbox (2.48201pt too wide) in paragraph at lines 2304--2304
 []  \OT1/cmtt/m/n/12 loopback interface if that is the only one.  (Not yet imp
lemented.)[] 
 []

[58] [59] [60] [61] [62]
Overfull \hbox (22.50734pt too wide) in paragraph at lines 2534--2534
[]  \OT1/cmtt/m/n/12 my $xpl = xPL::Gtk2Client->new(vendor_id => 'acme', device
_id => 'monitor',[] 
 []


Overfull \hbox (3.98233pt too wide) in paragraph at lines 2534--2534
[]  \OT1/cmtt/m/n/12 foreach (['Send Request' => sub { $xpl->send(class=>'hbeat
.request') }],[] 
 []

[63] [64] [65] [66]
Overfull \hbox (2.48201pt too wide) in paragraph at lines 2654--2654
 []  \OT1/cmtt/m/n/12 interface that isn't the loopback interface if there is o
ne, or the[] 
 []


Overfull \hbox (2.48201pt too wide) in paragraph at lines 2654--2654
 []  \OT1/cmtt/m/n/12 loopback interface if that is the only one.  (Not yet imp
lemented.)[] 
 []

[67] [68] [69]
Overfull \hbox (2.48201pt too wide) in paragraph at lines 2832--2832
 []  \OT1/cmtt/m/n/12 interface that isn't the loopback interface if there is o
ne, or the[] 
 []


Overfull \hbox (2.48201pt too wide) in paragraph at lines 2832--2832
 []  \OT1/cmtt/m/n/12 loopback interface if that is the only one.  (Not yet imp
lemented.)[] 
 []

[70]
Overfull \hbox (8.65701pt too wide) in paragraph at lines 2848--2848
 []  \OT1/cmtt/m/n/12 The port to use for xPL broadcast messages to use.  This 
is required[] 
 []

[71] [72]
Overfull \hbox (2.48201pt too wide) in paragraph at lines 3007--3007
 []  \OT1/cmtt/m/n/12 A hash reference containing keys matching xPL::Message me
thods with[] 
 []

[73]
Overfull \hbox (2.48201pt too wide) in paragraph at lines 3022--3022
 []  \OT1/cmtt/m/n/12 above.  This syntax is intended to be used where the natu
ral source[] 
 []

[74] [75] [76] [77] [78] [79] [80]
Overfull \hbox (13.16211pt too wide) in paragraph at lines 3412--3414
\OT1/cmr/m/n/12 This is a con-struc-tor that takes the string of an xPL mes-sag
e and con-structs an xPL::Message
 []

[81] [82] [83]
Overfull \hbox (3.98233pt too wide) in paragraph at lines 3585--3585
[]                                \OT1/cmtt/m/n/12 error => 'It should be blah,
 blah, blah.',[] 
 []

[84] [85] [86] [87]
Overfull \hbox (20.3162pt too wide) in paragraph at lines 3717--3722
\OT1/cmr/m/n/12 This method at-tempts to rec-og-nize and parse RF mes-sages cor
-re-spond-ing to Electrisave/Cent-
 []

[88] [89] [90] [91] [92] [93] [94] [95]
Overfull \hbox (1.99117pt too wide) in paragraph at lines 4104--4106
\OT1/cmr/m/n/12 This method re-turns true if this mes-sage has been seen in the
 pre-vi-ous \OT1/cmtt/m/n/12 duplicate[]timeout
 []

[96] [97] [98] [99] [100] [101] [102] [103] [104] [105] [106] [107]
Overfull \hbox (10.9956pt too wide) in paragraph at lines 4679--4681
[]\OT1/cmr/m/n/12 This should be a valid recurrencetab-like string of the form 
"minute hour day[]of[]month
 []

[108] [109] [110] [111] [112] [113] [114] [115] [116]
Overfull \hbox (13.22147pt too wide) in paragraph at lines 5097--5101
\OT1/cmr/m/n/12 takes a pa-ram-e-ter hash as ar-gu-ments. Com-mon pa-ram-e-ters
 are de-scribed in \OT1/cmr/m/it/12 xPL::Validation\OT1/cmr/m/n/12 .
 []

[117] [118] [119] [120] [121]
Overfull \hbox (14.83202pt too wide) in paragraph at lines 5312--5312
 []  \OT1/cmtt/m/n/12 The validation type.  Valid values are 'integer', 'positi
ve-integer',[] 
 []

[122] [123] [124] [125] [126]
Overfull \hbox (10.15733pt too wide) in paragraph at lines 5492--5492
[]  \OT1/cmtt/m/n/12 my $rfcode = xPL::X10::to_rf(house => 'a', unit => '1', co
mmand => 'on');[] 
 []

[127] [128] (./xpl-perl-0.07.aux) ) 
Here is how much of TeX's memory you used:
 1325 strings out of 95087
 28625 string characters out of 1183278
 62987 words of memory out of 1500000
 4540 multiletter control sequences out of 10000+50000
 10159 words of font info for 36 fonts, out of 1200000 for 2000
 28 hyphenation exceptions out of 8191
 25i,6n,21p,309b,309s stack positions out of 5000i,500n,6000p,200000b,5000s

Output written on xpl-perl-0.07.dvi (128 pages, 160324 bytes).
